# JRE version: OpenJDK Runtime Environment Temurin-17.0.7+7 (17.0.7+7) (build 17.0.7+7)
# Java VM: OpenJDK 64-Bit Server VM Temurin-17.0.7+7 (17.0.7+7, mixed mode, sharing, tiered, compressed oops, compressed class ptrs, g1 gc, windows-amd64)
GC Precious Log:
 CPUs: 8 total, 8 available
 Memory: 7413M
 Large Page Support: Disabled
 NUMA Support: Disabled
 Compressed Oops: Enabled (32-bit)
 Heap Region Size: 1M
 Heap Min Capacity: 256M
 Heap Initial Capacity: 256M
 Heap Max Capacity: 512M
 Pre-touch: Disabled
 Parallel Workers: 8
 Concurrent Workers: 2
 Concurrent Refinement Workers: 8
 Periodic GC: Disabled
Heap:
 garbage-first heap   total 262144K, used 117376K [0x00000000e0000000, 0x0000000100000000)
  region size 1024K, 104 young (106496K), 13 survivors (13312K)
 Metaspace       used 34477K, committed 34944K, reserved 393216K
  class space    used 4723K, committed 4928K, reserved 327680K
GC Heap History (6 events):
Event: 2.963 GC heap before
{Heap before GC invocations=0 (full 0):
 garbage-first heap   total 262144K, used 26624K [0x00000000e0000000, 0x0000000100000000)
  region size 1024K, 23 young (23552K), 0 survivors (0K)
 Metaspace       used 3051K, committed 3200K, reserved 393216K
  class space    used 381K, committed 448K, reserved 327680K
}
Event: 2.998 GC heap after
{Heap after GC invocations=1 (full 0):
 garbage-first heap   total 262144K, used 10136K [0x00000000e0000000, 0x0000000100000000)
  region size 1024K, 3 young (3072K), 3 survivors (3072K)
 Metaspace       used 3051K, committed 3200K, reserved 393216K
  class space    used 381K, committed 448K, reserved 327680K
}
Event: 5.094 GC heap before
{Heap before GC invocations=1 (full 0):
 garbage-first heap   total 262144K, used 37784K [0x00000000e0000000, 0x0000000100000000)
  region size 1024K, 30 young (30720K), 3 survivors (3072K)
 Metaspace       used 3962K, committed 4160K, reserved 393216K
  class space    used 476K, committed 576K, reserved 327680K
}
Event: 5.098 GC heap after
{Heap after GC invocations=2 (full 0):
 garbage-first heap   total 262144K, used 13230K [0x00000000e0000000, 0x0000000100000000)
  region size 1024K, 3 young (3072K), 3 survivors (3072K)
 Metaspace       used 3962K, committed 4160K, reserved 393216K
  class space    used 476K, committed 576K, reserved 327680K
}
Event: 12.445 GC heap before
{Heap before GC invocations=2 (full 0):
 garbage-first heap   total 262144K, used 108462K [0x00000000e0000000, 0x0000000100000000)
  region size 1024K, 98 young (100352K), 3 survivors (3072K)
 Metaspace       used 21125K, committed 21504K, reserved 393216K
  class space    used 3088K, committed 3264K, reserved 327680K
}
Event: 12.463 GC heap after
{Heap after GC invocations=3 (full 0):
 garbage-first heap   total 262144K, used 23168K [0x00000000e0000000, 0x0000000100000000)
  region size 1024K, 13 young (13312K), 13 survivors (13312K)
 Metaspace       used 21125K, committed 21504K, reserved 393216K
  class space    used 3088K, committed 3264K, reserved 327680K
}

